<?xml version="1.0" encoding="UTF-8"?>
<!-- Generated by org.testng.reporters.JUnitReportReporter -->
<testsuite skipped="0" hostname="DESKTOP-IF5VLLO" name="com.durgasoft.selenium.ecommerce.homepage.Tc001_CustomerRegistration" tests="1" failures="0" timestamp="14 Nov 2018 06:36:17 GMT" time="41.308" errors="0">
  <testcase name="CustomerRegistration" time="41.308" classname="com.durgasoft.selenium.ecommerce.homepage.Tc001_CustomerRegistration"/>
</testsuite> <!-- com.durgasoft.selenium.ecommerce.homepage.Tc001_CustomerRegistration -->
