<?xml version="1.0" encoding="UTF-8"?>
<!-- Generated by org.testng.reporters.JUnitReportReporter -->
<testsuite skipped="0" hostname="DESKTOP-IF5VLLO" name="Excel_Apachi_poi.AddDataintoExcelFile" tests="1" failures="0" timestamp="05 Oct 2018 11:35:22 GMT" time="2.819" errors="0">
  <testcase name="f" time="2.819" classname="Excel_Apachi_poi.AddDataintoExcelFile"/>
</testsuite> <!-- Excel_Apachi_poi.AddDataintoExcelFile -->
