<?xml version="1.0" encoding="UTF-8"?>
<!-- Generated by org.testng.reporters.JUnitReportReporter -->
<testsuite skipped="0" hostname="DESKTOP-IF5VLLO" name="com.durgasoft.selenium.Links.Links_Portionofplace_Bing" tests="1" failures="0" timestamp="29 Aug 2018 11:24:47 GMT" time="11.705" errors="0">
  <testcase name="Links_Bing" time="11.705" classname="com.durgasoft.selenium.Links.Links_Portionofplace_Bing"/>
</testsuite> <!-- com.durgasoft.selenium.Links.Links_Portionofplace_Bing -->
