<?xml version="1.0" encoding="UTF-8"?>
<!-- Generated by org.testng.reporters.JUnitReportReporter -->
<testsuite skipped="0" hostname="DESKTOP-IF5VLLO" name="Excel_Apachi_poi.ReadDataFromExcelFile" tests="1" failures="0" timestamp="05 Oct 2018 11:52:50 GMT" time="0.960" errors="0">
  <testcase name="ReadDataFromExcelFile" time="0.960" classname="Excel_Apachi_poi.ReadDataFromExcelFile"/>
</testsuite> <!-- Excel_Apachi_poi.ReadDataFromExcelFile -->
