<?xml version="1.0" encoding="UTF-8"?>
<!-- Generated by org.testng.reporters.JUnitReportReporter -->
<testsuite skipped="1" hostname="DESKTOP-IF5VLLO" name="Excel_Apachi_poi.CreateXSSFworkbook" tests="2" failures="0" timestamp="05 Oct 2018 11:35:43 GMT" time="0.585" errors="0">
  <testcase name="f1" time="0.585" classname="Excel_Apachi_poi.CreateXSSFworkbook"/>
  <testcase name="f" classname="Excel_Apachi_poi.CreateXSSFworkbook">
    <skipped/>
  </testcase> <!-- f -->
</testsuite> <!-- Excel_Apachi_poi.CreateXSSFworkbook -->
