<?xml version="1.0" encoding="UTF-8"?>
<!-- Generated by org.testng.reporters.JUnitReportReporter -->
<testsuite skipped="0" hostname="DESKTOP-IF5VLLO" name="com.durgasoft.selenium.Links.DragandDrop" tests="1" failures="0" timestamp="27 Sep 2018 09:06:18 GMT" time="0.778" errors="0">
  <testcase name="f" time="0.778" classname="com.durgasoft.selenium.Links.DragandDrop"/>
</testsuite> <!-- com.durgasoft.selenium.Links.DragandDrop -->
