<?xml version="1.0" encoding="UTF-8"?>
<!-- Generated by org.testng.reporters.JUnitReportReporter -->
<testsuite skipped="0" hostname="DESKTOP-IF5VLLO" name="com.durgasoft.selenium.Links.Explicit_Wait" tests="1" failures="0" timestamp="04 Sep 2018 11:54:34 GMT" time="4.556" errors="0">
  <testcase name="f" time="4.556" classname="com.durgasoft.selenium.Links.Explicit_Wait"/>
</testsuite> <!-- com.durgasoft.selenium.Links.Explicit_Wait -->
