<?xml version="1.0" encoding="UTF-8"?>
<!-- Generated by org.testng.reporters.JUnitReportReporter -->
<testsuite skipped="1" hostname="DESKTOP-IF5VLLO" name="com.durgasoft.selenium.Links.Echo_checkbox" tests="2" failures="0" timestamp="07 Sep 2018 11:11:38 GMT" time="2.353" errors="0">
  <testcase name="f1" time="2.353" classname="com.durgasoft.selenium.Links.Echo_checkbox"/>
  <testcase name="f" classname="com.durgasoft.selenium.Links.Echo_checkbox">
    <skipped/>
  </testcase> <!-- f -->
</testsuite> <!-- com.durgasoft.selenium.Links.Echo_checkbox -->
