<?xml version="1.0" encoding="UTF-8"?>
<!-- Generated by org.testng.reporters.JUnitReportReporter -->
<testsuite skipped="0" hostname="DESKTOP-IF5VLLO" name="Excel_Apachi_poi.ExcelDataByFontAndStyle" tests="1" failures="0" timestamp="05 Oct 2018 11:43:15 GMT" time="1.258" errors="0">
  <testcase name="f" time="1.258" classname="Excel_Apachi_poi.ExcelDataByFontAndStyle"/>
</testsuite> <!-- Excel_Apachi_poi.ExcelDataByFontAndStyle -->
