<?xml version="1.0" encoding="UTF-8"?>
<!-- Generated by org.testng.reporters.JUnitReportReporter -->
<testsuite skipped="0" hostname="DESKTOP-IF5VLLO" name="excel.ReadDataFromExcelFile" tests="1" failures="0" timestamp="30 Sep 2018 11:58:32 GMT" time="1.818" errors="0">
  <testcase name="ReadDataFromExcelFile" time="1.818" classname="excel.ReadDataFromExcelFile"/>
</testsuite> <!-- excel.ReadDataFromExcelFile -->
