<?xml version="1.0" encoding="UTF-8"?>
<!-- Generated by org.testng.reporters.JUnitReportReporter -->
<testsuite skipped="0" hostname="DESKTOP-IF5VLLO" name="com.durgasoft.selenium.Links.Slider" tests="1" failures="0" timestamp="27 Sep 2018 10:18:58 GMT" time="0.942" errors="0">
  <testcase name="f" time="0.942" classname="com.durgasoft.selenium.Links.Slider"/>
</testsuite> <!-- com.durgasoft.selenium.Links.Slider -->
