<?xml version="1.0" encoding="UTF-8"?>
<!-- Generated by org.testng.reporters.JUnitReportReporter -->
<testsuite skipped="0" hostname="DESKTOP-IF5VLLO" name="com.durgasoft.selenium.Links.BBC_Links" tests="1" failures="0" timestamp="29 Aug 2018 11:48:34 GMT" time="222.439" errors="0">
  <testcase name="Dynamic_Links" time="222.439" classname="com.durgasoft.selenium.Links.BBC_Links"/>
</testsuite> <!-- com.durgasoft.selenium.Links.BBC_Links -->
