<?xml version="1.0" encoding="UTF-8"?>
<!-- Generated by org.testng.reporters.JUnitReportReporter -->
<testsuite skipped="0" hostname="DESKTOP-IF5VLLO" name="com.durgasoft.selenium.Links.Resize" tests="1" failures="0" timestamp="27 Sep 2018 09:24:59 GMT" time="0.730" errors="0">
  <testcase name="f" time="0.730" classname="com.durgasoft.selenium.Links.Resize"/>
</testsuite> <!-- com.durgasoft.selenium.Links.Resize -->
