<?xml version="1.0" encoding="UTF-8"?>
<!-- Generated by org.testng.reporters.JUnitReportReporter -->
<testsuite skipped="0" hostname="DESKTOP-IF5VLLO" name="com.durgasoft.selenium.Links.Explicitwait" tests="1" failures="0" timestamp="06 Sep 2018 06:02:22 GMT" time="8.663" errors="0">
  <testcase name="f" time="8.663" classname="com.durgasoft.selenium.Links.Explicitwait"/>
</testsuite> <!-- com.durgasoft.selenium.Links.Explicitwait -->
