<?xml version="1.0" encoding="UTF-8"?>
<!-- Generated by org.testng.reporters.JUnitReportReporter -->
<testsuite skipped="0" hostname="DESKTOP-IF5VLLO" name="com.durgasoft.selenium.testng.hybrid.Tc001_hms_login_logout" tests="1" failures="0" timestamp="22 Aug 2018 10:46:30 GMT" time="15.116" errors="0">
  <testcase name="f" time="15.116" classname="com.durgasoft.selenium.testng.hybrid.Tc001_hms_login_logout"/>
</testsuite> <!-- com.durgasoft.selenium.testng.hybrid.Tc001_hms_login_logout -->
