<?xml version="1.0" encoding="UTF-8"?>
<!-- Generated by org.testng.reporters.JUnitReportReporter -->
<testsuite skipped="0" hostname="DESKTOP-IF5VLLO" name="Excel_Apachi_poi.DataintoExcelFileByusingIndex" tests="1" failures="0" timestamp="05 Oct 2018 11:42:30 GMT" time="1.413" errors="0">
  <testcase name="f" time="1.413" classname="Excel_Apachi_poi.DataintoExcelFileByusingIndex"/>
</testsuite> <!-- Excel_Apachi_poi.DataintoExcelFileByusingIndex -->
