<?xml version="1.0" encoding="UTF-8"?>
<!-- Generated by org.testng.reporters.JUnitReportReporter -->
<testsuite skipped="0" hostname="DESKTOP-IF5VLLO" name="com.durgasoft.selenium.Links.BBC_MoreDD2" tests="1" failures="0" timestamp="06 Sep 2018 06:51:15 GMT" time="21.150" errors="0">
  <testcase name="f" time="21.150" classname="com.durgasoft.selenium.Links.BBC_MoreDD2"/>
</testsuite> <!-- com.durgasoft.selenium.Links.BBC_MoreDD2 -->
