<?xml version="1.0" encoding="UTF-8"?>
<!-- Generated by org.testng.reporters.JUnitReportReporter -->
<testsuite skipped="0" hostname="DESKTOP-IF5VLLO" name="com.durgasoft.selenium.Links.Jquery_DD" tests="1" failures="0" timestamp="07 Sep 2018 11:24:43 GMT" time="0.991" errors="0">
  <testcase name="f" time="0.991" classname="com.durgasoft.selenium.Links.Jquery_DD"/>
</testsuite> <!-- com.durgasoft.selenium.Links.Jquery_DD -->
