<?xml version="1.0" encoding="UTF-8"?>
<!-- Generated by org.testng.reporters.JUnitReportReporter -->
<testsuite skipped="0" hostname="DESKTOP-IF5VLLO" name="com.durgasoft.selenium.Links.Jquery_DDRanddom" tests="1" failures="0" timestamp="07 Sep 2018 05:30:17 GMT" time="0.291" errors="0">
  <testcase name="f" time="0.291" classname="com.durgasoft.selenium.Links.Jquery_DDRanddom"/>
</testsuite> <!-- com.durgasoft.selenium.Links.Jquery_DDRanddom -->
